2024-11-21 12:48:59.345964 - INFO - Auto-scaling triggered new instance launch
2024-11-21 12:49:29.345964 - DEBUG - High memory usage detected
2024-11-21 12:49:59.345964 - ERROR - Network latency exceeded threshold
2024-11-21 12:50:29.345964 - DEBUG - Database connection established
2024-11-21 12:50:59.345964 - WARN - Auto-scaling triggered new instance launch
2024-11-21 12:51:29.345964 - WARN - Application started successfully
2024-11-21 12:51:59.345964 - INFO - Application started successfully
2024-11-21 12:52:29.345964 - ERROR - High memory usage detected
2024-11-21 12:52:59.345964 - ERROR - Network latency exceeded threshold
2024-11-21 12:53:29.345964 - WARN - Auto-scaling triggered new instance launch
2024-11-21 12:53:59.345964 - ERROR - Network latency exceeded threshold
2024-11-21 12:54:29.345964 - INFO - Auto-scaling triggered new instance launch
2024-11-21 12:54:59.345964 - INFO - Unexpected error occurred in module X
2024-11-21 12:55:29.345964 - WARN - Network latency exceeded threshold
2024-11-21 12:55:59.345964 - ERROR - Unexpected error occurred in module X
2024-11-21 12:56:29.345964 - DEBUG - High memory usage detected
2024-11-21 12:56:59.345964 - ERROR - Disk usage nearing capacity
2024-11-21 12:57:29.345964 - DEBUG - Application started successfully
2024-11-21 12:57:59.345964 - ERROR - Auto-scaling triggered new instance launch
2024-11-21 12:58:29.345964 - WARN - High memory usage detected
2024-11-21 12:58:59.345964 - ERROR - High memory usage detected
2024-11-21 12:59:29.345964 - INFO - Application started successfully
2024-11-21 12:59:59.345964 - ERROR - High memory usage detected
2024-11-21 13:00:29.345964 - ERROR - High memory usage detected
2024-11-21 13:00:59.345964 - WARN - Network latency exceeded threshold
2024-11-21 13:01:29.345964 - INFO - Disk usage nearing capacity
2024-11-21 13:01:59.345964 - ERROR - Unexpected error occurred in module X
2024-11-21 13:02:29.345964 - INFO - Disk usage nearing capacity
2024-11-21 13:02:59.345964 - DEBUG - Disk usage nearing capacity
2024-11-21 13:03:29.345964 - DEBUG - Database connection established
2024-11-21 13:03:59.345964 - DEBUG - Network latency exceeded threshold
2024-11-21 13:04:29.345964 - WARN - Auto-scaling triggered new instance launch
2024-11-21 13:04:59.345964 - ERROR - Disk usage nearing capacity
2024-11-21 13:05:29.345964 - INFO - Application started successfully
2024-11-21 13:05:59.345964 - DEBUG - Unexpected error occurred in module X
2024-11-21 13:06:29.345964 - ERROR - Network latency exceeded threshold
2024-11-21 13:06:59.345964 - WARN - Application started successfully
2024-11-21 13:07:29.345964 - INFO - High memory usage detected
2024-11-21 13:07:59.345964 - INFO - High memory usage detected
2024-11-21 13:08:29.345964 - WARN - High memory usage detected
2024-11-21 13:08:59.345964 - INFO - High memory usage detected
2024-11-21 13:09:29.345964 - DEBUG - High memory usage detected
2024-11-21 13:09:59.345964 - WARN - Network latency exceeded threshold
2024-11-21 13:10:29.345964 - WARN - High memory usage detected
2024-11-21 13:10:59.345964 - ERROR - Unexpected error occurred in module X
2024-11-21 13:11:29.345964 - WARN - Application started successfully
2024-11-21 13:11:59.345964 - ERROR - Auto-scaling triggered new instance launch
2024-11-21 13:12:29.345964 - ERROR - Auto-scaling triggered new instance launch
2024-11-21 13:12:59.345964 - ERROR - Disk usage nearing capacity
2024-11-21 13:13:29.345964 - WARN - Disk usage nearing capacity
2024-11-21 13:13:59.345964 - INFO - Network latency exceeded threshold
2024-11-21 13:14:29.345964 - ERROR - Disk usage nearing capacity
2024-11-21 13:14:59.345964 - DEBUG - High memory usage detected
2024-11-21 13:15:29.345964 - INFO - Network latency exceeded threshold
2024-11-21 13:15:59.345964 - WARN - Application started successfully
2024-11-21 13:16:29.345964 - INFO - Database connection established
2024-11-21 13:16:59.345964 - DEBUG - Database connection established
2024-11-21 13:17:29.345964 - INFO - Disk usage nearing capacity
2024-11-21 13:17:59.345964 - ERROR - Unexpected error occurred in module X
2024-11-21 13:18:29.345964 - WARN - Unexpected error occurred in module X
2024-11-21 13:18:59.345964 - INFO - Auto-scaling triggered new instance launch
2024-11-21 13:19:29.345964 - INFO - Disk usage nearing capacity
2024-11-21 13:19:59.345964 - INFO - High memory usage detected
2024-11-21 13:20:29.345964 - ERROR - Disk usage nearing capacity
2024-11-21 13:20:59.345964 - WARN - Application started successfully
2024-11-21 13:21:29.345964 - INFO - High memory usage detected
2024-11-21 13:21:59.345964 - ERROR - Disk usage nearing capacity
2024-11-21 13:22:29.345964 - ERROR - Auto-scaling triggered new instance launch
2024-11-21 13:22:59.345964 - ERROR - Disk usage nearing capacity
2024-11-21 13:23:29.345964 - ERROR - Disk usage nearing capacity
2024-11-21 13:23:59.345964 - ERROR - Application started successfully
2024-11-21 13:24:29.345964 - WARN - Disk usage nearing capacity
2024-11-21 13:24:59.345964 - ERROR - Unexpected error occurred in module X
2024-11-21 13:25:29.345964 - WARN - Unexpected error occurred in module X
2024-11-21 13:25:59.345964 - WARN - Disk usage nearing capacity
2024-11-21 13:26:29.345964 - DEBUG - Database connection established
2024-11-21 13:26:59.345964 - INFO - Application started successfully
2024-11-21 13:27:29.345964 - INFO - Unexpected error occurred in module X
2024-11-21 13:27:59.345964 - DEBUG - Unexpected error occurred in module X
2024-11-21 13:28:29.345964 - INFO - High memory usage detected
2024-11-21 13:28:59.345964 - ERROR - Application started successfully
2024-11-21 13:29:29.345964 - DEBUG - Auto-scaling triggered new instance launch
2024-11-21 13:29:59.345964 - DEBUG - Network latency exceeded threshold
2024-11-21 13:30:29.345964 - WARN - Network latency exceeded threshold
2024-11-21 13:30:59.345964 - ERROR - Network latency exceeded threshold
2024-11-21 13:31:29.345964 - WARN - Database connection established
2024-11-21 13:31:59.345964 - INFO - Auto-scaling triggered new instance launch
2024-11-21 13:32:29.345964 - DEBUG - Database connection established
2024-11-21 13:32:59.345964 - INFO - High memory usage detected
2024-11-21 13:33:29.345964 - INFO - Database connection established
2024-11-21 13:33:59.345964 - DEBUG - High memory usage detected
2024-11-21 13:34:29.345964 - INFO - Unexpected error occurred in module X
2024-11-21 13:34:59.345964 - ERROR - Database connection established
2024-11-21 13:35:29.345964 - WARN - Disk usage nearing capacity
2024-11-21 13:35:59.345964 - ERROR - Database connection established
2024-11-21 13:36:29.345964 - DEBUG - Unexpected error occurred in module X
2024-11-21 13:36:59.345964 - WARN - Unexpected error occurred in module X
2024-11-21 13:37:29.345964 - INFO - Auto-scaling triggered new instance launch
2024-11-21 13:37:59.345964 - DEBUG - Application started successfully
2024-11-21 13:38:29.345964 - INFO - Database connection established
2024-11-21 13:38:59.345964 - INFO - Disk usage nearing capacity
2024-11-21 13:39:29.345964 - ERROR - High memory usage detected
2024-11-21 13:39:59.345964 - WARN - Auto-scaling triggered new instance launch
2024-11-21 13:40:29.345964 - WARN - Unexpected error occurred in module X
2024-11-21 13:40:59.345964 - INFO - High memory usage detected
2024-11-21 13:41:29.345964 - WARN - Network latency exceeded threshold
2024-11-21 13:41:59.345964 - DEBUG - Application started successfully
2024-11-21 13:42:29.345964 - ERROR - Auto-scaling triggered new instance launch
2024-11-21 13:42:59.345964 - INFO - High memory usage detected
2024-11-21 13:43:29.345964 - ERROR - Database connection established
2024-11-21 13:43:59.345964 - DEBUG - Database connection established
2024-11-21 13:44:29.345964 - ERROR - High memory usage detected
2024-11-21 13:44:59.345964 - INFO - High memory usage detected
2024-11-21 13:45:29.345964 - INFO - Application started successfully
2024-11-21 13:45:59.345964 - ERROR - High memory usage detected
2024-11-21 13:46:29.345964 - WARN - Auto-scaling triggered new instance launch
2024-11-21 13:46:59.345964 - WARN - High memory usage detected
2024-11-21 13:47:29.345964 - INFO - Unexpected error occurred in module X
2024-11-21 13:47:59.345964 - ERROR - High memory usage detected
2024-11-21 13:48:29.345964 - INFO - High memory usage detected
2024-11-21 13:48:59.345964 - DEBUG - Disk usage nearing capacity
2024-11-21 13:49:29.345964 - DEBUG - Auto-scaling triggered new instance launch
2024-11-21 13:49:59.345964 - DEBUG - High memory usage detected
2024-11-21 13:50:29.345964 - WARN - Application started successfully
2024-11-21 13:50:59.345964 - INFO - Disk usage nearing capacity
2024-11-21 13:51:29.345964 - DEBUG - Application started successfully
2024-11-21 13:51:59.345964 - ERROR - Unexpected error occurred in module X
2024-11-21 13:52:29.345964 - DEBUG - Application started successfully
2024-11-21 13:52:59.345964 - DEBUG - Disk usage nearing capacity
2024-11-21 13:53:29.345964 - DEBUG - Disk usage nearing capacity
2024-11-21 13:53:59.345964 - DEBUG - Disk usage nearing capacity
2024-11-21 13:54:29.345964 - WARN - Network latency exceeded threshold
2024-11-21 13:54:59.345964 - DEBUG - Database connection established
2024-11-21 13:55:29.345964 - INFO - Unexpected error occurred in module X
2024-11-21 13:55:59.345964 - WARN - Database connection established
2024-11-21 13:56:29.345964 - ERROR - Disk usage nearing capacity
2024-11-21 13:56:59.345964 - DEBUG - Database connection established
2024-11-21 13:57:29.345964 - INFO - Network latency exceeded threshold
2024-11-21 13:57:59.345964 - DEBUG - Database connection established
2024-11-21 13:58:29.345964 - WARN - Application started successfully
2024-11-21 13:58:59.345964 - WARN - Unexpected error occurred in module X
2024-11-21 13:59:29.345964 - INFO - High memory usage detected
2024-11-21 13:59:59.345964 - INFO - Auto-scaling triggered new instance launch
2024-11-21 14:00:29.345964 - INFO - Disk usage nearing capacity
2024-11-21 14:00:59.345964 - ERROR - Application started successfully
2024-11-21 14:01:29.345964 - ERROR - Auto-scaling triggered new instance launch
2024-11-21 14:01:59.345964 - WARN - Network latency exceeded threshold
2024-11-21 14:02:29.345964 - ERROR - Network latency exceeded threshold
2024-11-21 14:02:59.345964 - DEBUG - Unexpected error occurred in module X
2024-11-21 14:03:29.345964 - ERROR - Disk usage nearing capacity
2024-11-21 14:03:59.345964 - WARN - Network latency exceeded threshold
2024-11-21 14:04:29.345964 - DEBUG - Network latency exceeded threshold
2024-11-21 14:04:59.345964 - DEBUG - Network latency exceeded threshold
2024-11-21 14:05:29.345964 - WARN - Database connection established
2024-11-21 14:05:59.345964 - WARN - Unexpected error occurred in module X
2024-11-21 14:06:29.345964 - INFO - High memory usage detected
2024-11-21 14:06:59.345964 - INFO - Network latency exceeded threshold
2024-11-21 14:07:29.345964 - DEBUG - Unexpected error occurred in module X
2024-11-21 14:07:59.345964 - INFO - Unexpected error occurred in module X
2024-11-21 14:08:29.345964 - ERROR - Disk usage nearing capacity
2024-11-21 14:08:59.345964 - DEBUG - Auto-scaling triggered new instance launch
2024-11-21 14:09:29.345964 - DEBUG - Database connection established
2024-11-21 14:09:59.345964 - ERROR - Application started successfully
2024-11-21 14:10:29.345964 - DEBUG - Application started successfully
2024-11-21 14:10:59.345964 - WARN - Unexpected error occurred in module X
2024-11-21 14:11:29.345964 - ERROR - Database connection established
2024-11-21 14:11:59.345964 - INFO - Unexpected error occurred in module X
2024-11-21 14:12:29.345964 - WARN - High memory usage detected
2024-11-21 14:12:59.345964 - INFO - Database connection established
2024-11-21 14:13:29.345964 - INFO - Unexpected error occurred in module X
2024-11-21 14:13:59.345964 - WARN - Auto-scaling triggered new instance launch
2024-11-21 14:14:29.345964 - INFO - Database connection established
2024-11-21 14:14:59.345964 - WARN - Auto-scaling triggered new instance launch
2024-11-21 14:15:29.345964 - ERROR - Network latency exceeded threshold
2024-11-21 14:15:59.345964 - WARN - Disk usage nearing capacity
2024-11-21 14:16:29.345964 - INFO - High memory usage detected
2024-11-21 14:16:59.345964 - INFO - Application started successfully
2024-11-21 14:17:29.345964 - DEBUG - Unexpected error occurred in module X
2024-11-21 14:17:59.345964 - ERROR - Network latency exceeded threshold
2024-11-21 14:18:29.345964 - INFO - Application started successfully
2024-11-21 14:18:59.345964 - WARN - Network latency exceeded threshold
2024-11-21 14:19:29.345964 - DEBUG - Network latency exceeded threshold
2024-11-21 14:19:59.345964 - DEBUG - Unexpected error occurred in module X
2024-11-21 14:20:29.345964 - WARN - Application started successfully
2024-11-21 14:20:59.345964 - WARN - High memory usage detected
2024-11-21 14:21:29.345964 - ERROR - Network latency exceeded threshold
2024-11-21 14:21:59.345964 - WARN - Network latency exceeded threshold
2024-11-21 14:22:29.345964 - ERROR - Unexpected error occurred in module X
2024-11-21 14:22:59.345964 - ERROR - Network latency exceeded threshold
2024-11-21 14:23:29.345964 - DEBUG - Network latency exceeded threshold
2024-11-21 14:23:59.345964 - ERROR - Auto-scaling triggered new instance launch
2024-11-21 14:24:29.345964 - INFO - Application started successfully
2024-11-21 14:24:59.345964 - INFO - Application started successfully
2024-11-21 14:25:29.345964 - WARN - High memory usage detected
2024-11-21 14:25:59.345964 - DEBUG - Database connection established
2024-11-21 14:26:29.345964 - DEBUG - High memory usage detected
2024-11-21 14:26:59.345964 - ERROR - Application started successfully
2024-11-21 14:27:29.345964 - ERROR - High memory usage detected
2024-11-21 14:27:59.345964 - INFO - Application started successfully
2024-11-21 14:28:29.345964 - ERROR - Database connection established
2024-11-21 14:28:59.345964 - WARN - Auto-scaling triggered new instance launch
2024-11-21 14:29:29.345964 - ERROR - Database connection established
2024-11-21 14:29:59.345964 - WARN - Network latency exceeded threshold
2024-11-21 14:30:29.345964 - INFO - Database connection established
2024-11-21 14:30:59.345964 - WARN - High memory usage detected
2024-11-21 14:31:29.345964 - DEBUG - Application started successfully
2024-11-21 14:31:59.345964 - INFO - Unexpected error occurred in module X
2024-11-21 14:32:29.345964 - ERROR - Database connection established
2024-11-21 14:32:59.345964 - DEBUG - Database connection established
2024-11-21 14:33:29.345964 - INFO - Unexpected error occurred in module X
2024-11-21 14:33:59.345964 - WARN - Unexpected error occurred in module X
2024-11-21 14:34:29.345964 - ERROR - Unexpected error occurred in module X
2024-11-21 14:34:59.345964 - INFO - Unexpected error occurred in module X
2024-11-21 14:35:29.345964 - DEBUG - High memory usage detected
2024-11-21 14:35:59.345964 - INFO - Unexpected error occurred in module X
2024-11-21 14:36:29.345964 - WARN - Disk usage nearing capacity
2024-11-21 14:36:59.345964 - WARN - Database connection established
2024-11-21 14:37:29.345964 - ERROR - Auto-scaling triggered new instance launch
2024-11-21 14:37:59.345964 - WARN - Network latency exceeded threshold
2024-11-21 14:38:29.345964 - INFO - Auto-scaling triggered new instance launch
2024-11-21 14:38:59.345964 - DEBUG - Unexpected error occurred in module X
2024-11-21 14:39:29.345964 - WARN - High memory usage detected
2024-11-21 14:39:59.345964 - ERROR - Network latency exceeded threshold
2024-11-21 14:40:29.345964 - WARN - Network latency exceeded threshold
2024-11-21 14:40:59.345964 - INFO - Unexpected error occurred in module X
2024-11-21 14:41:29.345964 - INFO - Application started successfully
2024-11-21 14:41:59.345964 - ERROR - Auto-scaling triggered new instance launch
2024-11-21 14:42:29.345964 - DEBUG - Application started successfully
2024-11-21 14:42:59.345964 - DEBUG - Unexpected error occurred in module X
2024-11-21 14:43:29.345964 - DEBUG - Auto-scaling triggered new instance launch
2024-11-21 14:43:59.345964 - DEBUG - Application started successfully
2024-11-21 14:44:29.345964 - INFO - Disk usage nearing capacity
2024-11-21 14:44:59.345964 - INFO - Disk usage nearing capacity
2024-11-21 14:45:29.345964 - INFO - High memory usage detected
2024-11-21 14:45:59.345964 - ERROR - Disk usage nearing capacity
2024-11-21 14:46:29.345964 - DEBUG - Disk usage nearing capacity
2024-11-21 14:46:59.345964 - WARN - Network latency exceeded threshold
2024-11-21 14:47:29.345964 - WARN - Database connection established
2024-11-21 14:47:59.345964 - ERROR - High memory usage detected
2024-11-21 14:48:29.345964 - WARN - Database connection established
2024-11-21 14:48:59.345964 - INFO - Application started successfully
2024-11-21 14:49:29.345964 - INFO - High memory usage detected
2024-11-21 14:49:59.345964 - ERROR - Auto-scaling triggered new instance launch
2024-11-21 14:50:29.345964 - INFO - Application started successfully
2024-11-21 14:50:59.345964 - WARN - Unexpected error occurred in module X
2024-11-21 14:51:29.345964 - DEBUG - Auto-scaling triggered new instance launch
2024-11-21 14:51:59.345964 - ERROR - Auto-scaling triggered new instance launch
2024-11-21 14:52:29.345964 - DEBUG - Unexpected error occurred in module X
2024-11-21 14:52:59.345964 - WARN - Disk usage nearing capacity
2024-11-21 14:53:29.345964 - DEBUG - Auto-scaling triggered new instance launch
2024-11-21 14:53:59.345964 - DEBUG - Unexpected error occurred in module X
2024-11-21 14:54:29.345964 - DEBUG - Disk usage nearing capacity
2024-11-21 14:54:59.345964 - DEBUG - Unexpected error occurred in module X
2024-11-21 14:55:29.345964 - INFO - Disk usage nearing capacity
2024-11-21 14:55:59.345964 - WARN - Auto-scaling triggered new instance launch
2024-11-21 14:56:29.345964 - DEBUG - Auto-scaling triggered new instance launch
2024-11-21 14:56:59.345964 - INFO - Unexpected error occurred in module X
2024-11-21 14:57:29.345964 - WARN - Disk usage nearing capacity
2024-11-21 14:57:59.345964 - INFO - Database connection established
2024-11-21 14:58:29.345964 - INFO - Database connection established
2024-11-21 14:58:59.345964 - ERROR - Application started successfully
2024-11-21 14:59:29.345964 - ERROR - Application started successfully
2024-11-21 14:59:59.345964 - ERROR - Disk usage nearing capacity
2024-11-21 15:00:29.345964 - DEBUG - Network latency exceeded threshold
2024-11-21 15:00:59.345964 - INFO - Auto-scaling triggered new instance launch
2024-11-21 15:01:29.345964 - ERROR - Network latency exceeded threshold
2024-11-21 15:01:59.345964 - WARN - Application started successfully
2024-11-21 15:02:29.345964 - INFO - Network latency exceeded threshold
2024-11-21 15:02:59.345964 - INFO - Disk usage nearing capacity
2024-11-21 15:03:29.345964 - WARN - Disk usage nearing capacity
2024-11-21 15:03:59.345964 - ERROR - Database connection established
2024-11-21 15:04:29.345964 - WARN - Database connection established
2024-11-21 15:04:59.345964 - WARN - High memory usage detected
2024-11-21 15:05:29.345964 - WARN - Network latency exceeded threshold
2024-11-21 15:05:59.345964 - INFO - Auto-scaling triggered new instance launch
2024-11-21 15:06:29.345964 - DEBUG - Network latency exceeded threshold
2024-11-21 15:06:59.345964 - DEBUG - Database connection established
2024-11-21 15:07:29.345964 - DEBUG - High memory usage detected
2024-11-21 15:07:59.345964 - INFO - Database connection established
2024-11-21 15:08:29.345964 - WARN - Disk usage nearing capacity
2024-11-21 15:08:59.345964 - ERROR - Database connection established
2024-11-21 15:09:29.345964 - INFO - High memory usage detected
2024-11-21 15:09:59.345964 - WARN - Database connection established
2024-11-21 15:10:29.345964 - DEBUG - Database connection established
2024-11-21 15:10:59.345964 - ERROR - High memory usage detected
2024-11-21 15:11:29.345964 - DEBUG - Network latency exceeded threshold
2024-11-21 15:11:59.345964 - DEBUG - Database connection established
2024-11-21 15:12:29.345964 - WARN - Unexpected error occurred in module X
2024-11-21 15:12:59.345964 - ERROR - Auto-scaling triggered new instance launch
2024-11-21 15:13:29.345964 - WARN - Application started successfully
2024-11-21 15:13:59.345964 - ERROR - Application started successfully
2024-11-21 15:14:29.345964 - INFO - Unexpected error occurred in module X
2024-11-21 15:14:59.345964 - ERROR - Unexpected error occurred in module X
2024-11-21 15:15:29.345964 - ERROR - Application started successfully
2024-11-21 15:15:59.345964 - WARN - Database connection established
2024-11-21 15:16:29.345964 - ERROR - Database connection established
2024-11-21 15:16:59.345964 - WARN - Application started successfully
2024-11-21 15:17:29.345964 - WARN - Application started successfully
2024-11-21 15:17:59.345964 - DEBUG - Auto-scaling triggered new instance launch
2024-11-21 15:18:29.345964 - DEBUG - Disk usage nearing capacity
2024-11-21 15:18:59.345964 - ERROR - Network latency exceeded threshold
2024-11-21 15:19:29.345964 - DEBUG - Network latency exceeded threshold
2024-11-21 15:19:59.345964 - WARN - Auto-scaling triggered new instance launch
2024-11-21 15:20:29.345964 - DEBUG - Auto-scaling triggered new instance launch
2024-11-21 15:20:59.345964 - WARN - Database connection established
2024-11-21 15:21:29.345964 - WARN - High memory usage detected
2024-11-21 15:21:59.345964 - DEBUG - Auto-scaling triggered new instance launch
2024-11-21 15:22:29.345964 - INFO - Disk usage nearing capacity
2024-11-21 15:22:59.345964 - ERROR - Unexpected error occurred in module X
2024-11-21 15:23:29.345964 - DEBUG - Unexpected error occurred in module X
2024-11-21 15:23:59.345964 - INFO - High memory usage detected
2024-11-21 15:24:29.345964 - WARN - Database connection established
2024-11-21 15:24:59.345964 - INFO - High memory usage detected
2024-11-21 15:25:29.345964 - DEBUG - Application started successfully
2024-11-21 15:25:59.345964 - DEBUG - High memory usage detected
2024-11-21 15:26:29.345964 - DEBUG - Application started successfully
2024-11-21 15:26:59.345964 - WARN - Unexpected error occurred in module X
2024-11-21 15:27:29.345964 - DEBUG - Disk usage nearing capacity
2024-11-21 15:27:59.345964 - DEBUG - Database connection established
2024-11-21 15:28:29.345964 - INFO - Application started successfully
2024-11-21 15:28:59.345964 - DEBUG - Database connection established
2024-11-21 15:29:29.345964 - INFO - Unexpected error occurred in module X
2024-11-21 15:29:59.345964 - WARN - High memory usage detected
2024-11-21 15:30:29.345964 - ERROR - Auto-scaling triggered new instance launch
2024-11-21 15:30:59.345964 - ERROR - Database connection established
2024-11-21 15:31:29.345964 - INFO - Auto-scaling triggered new instance launch
2024-11-21 15:31:59.345964 - INFO - Unexpected error occurred in module X
2024-11-21 15:32:29.345964 - DEBUG - Unexpected error occurred in module X
2024-11-21 15:32:59.345964 - DEBUG - Disk usage nearing capacity
2024-11-21 15:33:29.345964 - DEBUG - Disk usage nearing capacity
2024-11-21 15:33:59.345964 - ERROR - Disk usage nearing capacity
2024-11-21 15:34:29.345964 - ERROR - High memory usage detected
2024-11-21 15:34:59.345964 - DEBUG - Database connection established
2024-11-21 15:35:29.345964 - DEBUG - High memory usage detected
2024-11-21 15:35:59.345964 - WARN - Database connection established
2024-11-21 15:36:29.345964 - DEBUG - Disk usage nearing capacity
2024-11-21 15:36:59.345964 - ERROR - Disk usage nearing capacity
2024-11-21 15:37:29.345964 - INFO - Application started successfully
2024-11-21 15:37:59.345964 - DEBUG - Application started successfully
2024-11-21 15:38:29.345964 - DEBUG - Database connection established
2024-11-21 15:38:59.345964 - WARN - High memory usage detected
2024-11-21 15:39:29.345964 - DEBUG - Unexpected error occurred in module X
2024-11-21 15:39:59.345964 - DEBUG - Disk usage nearing capacity
2024-11-21 15:40:29.345964 - DEBUG - Auto-scaling triggered new instance launch
2024-11-21 15:40:59.345964 - INFO - Database connection established
2024-11-21 15:41:29.345964 - ERROR - Network latency exceeded threshold
2024-11-21 15:41:59.345964 - INFO - Database connection established
2024-11-21 15:42:29.345964 - WARN - Unexpected error occurred in module X
2024-11-21 15:42:59.345964 - ERROR - Auto-scaling triggered new instance launch
2024-11-21 15:43:29.345964 - DEBUG - Unexpected error occurred in module X
2024-11-21 15:43:59.345964 - DEBUG - Auto-scaling triggered new instance launch
2024-11-21 15:44:29.345964 - INFO - Application started successfully
2024-11-21 15:44:59.345964 - WARN - Auto-scaling triggered new instance launch
2024-11-21 15:45:29.345964 - INFO - High memory usage detected
2024-11-21 15:45:59.345964 - INFO - Application started successfully
2024-11-21 15:46:29.345964 - ERROR - Unexpected error occurred in module X
2024-11-21 15:46:59.345964 - ERROR - Disk usage nearing capacity
2024-11-21 15:47:29.345964 - WARN - Database connection established
2024-11-21 15:47:59.345964 - ERROR - Network latency exceeded threshold
2024-11-21 15:48:29.345964 - INFO - Auto-scaling triggered new instance launch
2024-11-21 15:48:59.345964 - DEBUG - Auto-scaling triggered new instance launch
2024-11-21 15:49:29.345964 - INFO - Disk usage nearing capacity
2024-11-21 15:49:59.345964 - INFO - Disk usage nearing capacity
2024-11-21 15:50:29.345964 - ERROR - Disk usage nearing capacity
2024-11-21 15:50:59.345964 - DEBUG - High memory usage detected
2024-11-21 15:51:29.345964 - WARN - Disk usage nearing capacity
2024-11-21 15:51:59.345964 - INFO - Auto-scaling triggered new instance launch
2024-11-21 15:52:29.345964 - ERROR - Unexpected error occurred in module X
2024-11-21 15:52:59.345964 - WARN - Application started successfully
2024-11-21 15:53:29.345964 - ERROR - Network latency exceeded threshold
2024-11-21 15:53:59.345964 - DEBUG - Disk usage nearing capacity
2024-11-21 15:54:29.345964 - INFO - Disk usage nearing capacity
2024-11-21 15:54:59.345964 - INFO - Disk usage nearing capacity
2024-11-21 15:55:29.345964 - ERROR - Application started successfully
2024-11-21 15:55:59.345964 - ERROR - Network latency exceeded threshold
2024-11-21 15:56:29.345964 - ERROR - Disk usage nearing capacity
2024-11-21 15:56:59.345964 - WARN - High memory usage detected
2024-11-21 15:57:29.345964 - DEBUG - Network latency exceeded threshold
2024-11-21 15:57:59.345964 - WARN - Database connection established
2024-11-21 15:58:29.345964 - WARN - Unexpected error occurred in module X
2024-11-21 15:58:59.345964 - DEBUG - Database connection established
2024-11-21 15:59:29.345964 - DEBUG - Disk usage nearing capacity
2024-11-21 15:59:59.345964 - ERROR - Disk usage nearing capacity
2024-11-21 16:00:29.345964 - ERROR - Network latency exceeded threshold
2024-11-21 16:00:59.345964 - DEBUG - Network latency exceeded threshold
2024-11-21 16:01:29.345964 - WARN - Auto-scaling triggered new instance launch
2024-11-21 16:01:59.345964 - WARN - Application started successfully
2024-11-21 16:02:29.345964 - INFO - Unexpected error occurred in module X
2024-11-21 16:02:59.345964 - INFO - Unexpected error occurred in module X
2024-11-21 16:03:29.345964 - ERROR - High memory usage detected
2024-11-21 16:03:59.345964 - ERROR - Auto-scaling triggered new instance launch
2024-11-21 16:04:29.345964 - WARN - Auto-scaling triggered new instance launch
2024-11-21 16:04:59.345964 - WARN - Unexpected error occurred in module X
2024-11-21 16:05:29.345964 - DEBUG - Application started successfully
2024-11-21 16:05:59.345964 - INFO - Network latency exceeded threshold
2024-11-21 16:06:29.345964 - INFO - Unexpected error occurred in module X
2024-11-21 16:06:59.345964 - INFO - Network latency exceeded threshold
2024-11-21 16:07:29.345964 - WARN - Unexpected error occurred in module X
2024-11-21 16:07:59.345964 - DEBUG - Database connection established
2024-11-21 16:08:29.345964 - ERROR - Network latency exceeded threshold
2024-11-21 16:08:59.345964 - WARN - Auto-scaling triggered new instance launch
2024-11-21 16:09:29.345964 - DEBUG - Disk usage nearing capacity
2024-11-21 16:09:59.345964 - ERROR - High memory usage detected
2024-11-21 16:10:29.345964 - DEBUG - Application started successfully
2024-11-21 16:10:59.345964 - INFO - Auto-scaling triggered new instance launch
2024-11-21 16:11:29.345964 - INFO - Database connection established
2024-11-21 16:11:59.345964 - ERROR - High memory usage detected
2024-11-21 16:12:29.345964 - DEBUG - Unexpected error occurred in module X
2024-11-21 16:12:59.345964 - WARN - High memory usage detected
2024-11-21 16:13:29.345964 - DEBUG - Unexpected error occurred in module X
2024-11-21 16:13:59.345964 - INFO - Network latency exceeded threshold
2024-11-21 16:14:29.345964 - WARN - Auto-scaling triggered new instance launch
2024-11-21 16:14:59.345964 - ERROR - Unexpected error occurred in module X
2024-11-21 16:15:29.345964 - ERROR - Unexpected error occurred in module X
2024-11-21 16:15:59.345964 - INFO - Auto-scaling triggered new instance launch
2024-11-21 16:16:29.345964 - DEBUG - Database connection established
2024-11-21 16:16:59.345964 - WARN - Network latency exceeded threshold
2024-11-21 16:17:29.345964 - INFO - Unexpected error occurred in module X
2024-11-21 16:17:59.345964 - INFO - Database connection established
2024-11-21 16:18:29.345964 - WARN - Auto-scaling triggered new instance launch
2024-11-21 16:18:59.345964 - ERROR - Database connection established
2024-11-21 16:19:29.345964 - ERROR - Network latency exceeded threshold
2024-11-21 16:19:59.345964 - DEBUG - High memory usage detected
2024-11-21 16:20:29.345964 - WARN - Disk usage nearing capacity
2024-11-21 16:20:59.345964 - ERROR - High memory usage detected
2024-11-21 16:21:29.345964 - ERROR - Application started successfully
2024-11-21 16:21:59.345964 - ERROR - Database connection established
2024-11-21 16:22:29.345964 - INFO - High memory usage detected
2024-11-21 16:22:59.345964 - WARN - Database connection established
2024-11-21 16:23:29.345964 - DEBUG - Auto-scaling triggered new instance launch
2024-11-21 16:23:59.345964 - INFO - High memory usage detected
2024-11-21 16:24:29.345964 - ERROR - Network latency exceeded threshold
2024-11-21 16:24:59.345964 - WARN - Network latency exceeded threshold
2024-11-21 16:25:29.345964 - ERROR - Auto-scaling triggered new instance launch
2024-11-21 16:25:59.345964 - ERROR - Disk usage nearing capacity
2024-11-21 16:26:29.345964 - WARN - Network latency exceeded threshold
2024-11-21 16:26:59.345964 - DEBUG - Unexpected error occurred in module X
2024-11-21 16:27:29.345964 - DEBUG - Auto-scaling triggered new instance launch
2024-11-21 16:27:59.345964 - WARN - Application started successfully
2024-11-21 16:28:29.345964 - WARN - Disk usage nearing capacity
2024-11-21 16:28:59.345964 - INFO - Auto-scaling triggered new instance launch
2024-11-21 16:29:29.345964 - DEBUG - Application started successfully
2024-11-21 16:29:59.345964 - DEBUG - Network latency exceeded threshold
2024-11-21 16:30:29.345964 - ERROR - High memory usage detected
2024-11-21 16:30:59.345964 - WARN - Auto-scaling triggered new instance launch
2024-11-21 16:31:29.345964 - DEBUG - Unexpected error occurred in module X
2024-11-21 16:31:59.345964 - INFO - Network latency exceeded threshold
2024-11-21 16:32:29.345964 - DEBUG - Network latency exceeded threshold
2024-11-21 16:32:59.345964 - DEBUG - Disk usage nearing capacity
2024-11-21 16:33:29.345964 - ERROR - Database connection established
2024-11-21 16:33:59.345964 - INFO - Network latency exceeded threshold
2024-11-21 16:34:29.345964 - DEBUG - High memory usage detected
2024-11-21 16:34:59.345964 - WARN - Disk usage nearing capacity
2024-11-21 16:35:29.345964 - DEBUG - Unexpected error occurred in module X
2024-11-21 16:35:59.345964 - ERROR - Unexpected error occurred in module X
2024-11-21 16:36:29.345964 - WARN - Database connection established
2024-11-21 16:36:59.345964 - DEBUG - Database connection established
2024-11-21 16:37:29.345964 - WARN - Disk usage nearing capacity
2024-11-21 16:37:59.345964 - WARN - Auto-scaling triggered new instance launch
2024-11-21 16:38:29.345964 - INFO - Unexpected error occurred in module X
2024-11-21 16:38:59.345964 - WARN - Unexpected error occurred in module X
2024-11-21 16:39:29.345964 - INFO - Network latency exceeded threshold
2024-11-21 16:39:59.345964 - WARN - Disk usage nearing capacity
2024-11-21 16:40:29.345964 - DEBUG - Disk usage nearing capacity
2024-11-21 16:40:59.345964 - ERROR - Network latency exceeded threshold
2024-11-21 16:41:29.345964 - DEBUG - Auto-scaling triggered new instance launch
2024-11-21 16:41:59.345964 - INFO - Auto-scaling triggered new instance launch
2024-11-21 16:42:29.345964 - WARN - Unexpected error occurred in module X
2024-11-21 16:42:59.345964 - INFO - Unexpected error occurred in module X
2024-11-21 16:43:29.345964 - DEBUG - Auto-scaling triggered new instance launch
2024-11-21 16:43:59.345964 - WARN - Auto-scaling triggered new instance launch
2024-11-21 16:44:29.345964 - DEBUG - Unexpected error occurred in module X
2024-11-21 16:44:59.345964 - ERROR - Unexpected error occurred in module X
2024-11-21 16:45:29.345964 - WARN - Network latency exceeded threshold
2024-11-21 16:45:59.345964 - DEBUG - Application started successfully
2024-11-21 16:46:29.345964 - DEBUG - Database connection established
2024-11-21 16:46:59.345964 - DEBUG - Auto-scaling triggered new instance launch
2024-11-21 16:47:29.345964 - INFO - Auto-scaling triggered new instance launch
2024-11-21 16:47:59.345964 - ERROR - Unexpected error occurred in module X
2024-11-21 16:48:29.345964 - INFO - Disk usage nearing capacity
2024-11-21 16:48:59.345964 - WARN - High memory usage detected
2024-11-21 16:49:29.345964 - INFO - Application started successfully
2024-11-21 16:49:59.345964 - INFO - Application started successfully
2024-11-21 16:50:29.345964 - DEBUG - High memory usage detected
2024-11-21 16:50:59.345964 - INFO - High memory usage detected
2024-11-21 16:51:29.345964 - ERROR - Auto-scaling triggered new instance launch
2024-11-21 16:51:59.345964 - INFO - High memory usage detected
2024-11-21 16:52:29.345964 - DEBUG - High memory usage detected
2024-11-21 16:52:59.345964 - ERROR - Database connection established
2024-11-21 16:53:29.345964 - INFO - Unexpected error occurred in module X
2024-11-21 16:53:59.345964 - WARN - Application started successfully
2024-11-21 16:54:29.345964 - ERROR - Disk usage nearing capacity
2024-11-21 16:54:59.345964 - INFO - Network latency exceeded threshold
2024-11-21 16:55:29.345964 - DEBUG - Disk usage nearing capacity
2024-11-21 16:55:59.345964 - INFO - Disk usage nearing capacity
2024-11-21 16:56:29.345964 - WARN - High memory usage detected
2024-11-21 16:56:59.345964 - ERROR - Unexpected error occurred in module X
2024-11-21 16:57:29.345964 - INFO - Network latency exceeded threshold
2024-11-21 16:57:59.345964 - INFO - Unexpected error occurred in module X
2024-11-21 16:58:29.345964 - INFO - Database connection established
2024-11-21 16:58:59.345964 - INFO - Auto-scaling triggered new instance launch
2024-11-21 16:59:29.345964 - ERROR - High memory usage detected
2024-11-21 16:59:59.345964 - WARN - Database connection established
2024-11-21 17:00:29.345964 - INFO - Network latency exceeded threshold
2024-11-21 17:00:59.345964 - ERROR - Application started successfully
2024-11-21 17:01:29.345964 - ERROR - Database connection established
2024-11-21 17:01:59.345964 - INFO - Disk usage nearing capacity
2024-11-21 17:02:29.345964 - WARN - High memory usage detected
2024-11-21 17:02:59.345964 - INFO - Disk usage nearing capacity
2024-11-21 17:03:29.345964 - ERROR - Disk usage nearing capacity
2024-11-21 17:03:59.345964 - DEBUG - Unexpected error occurred in module X
2024-11-21 17:04:29.345964 - ERROR - Disk usage nearing capacity
2024-11-21 17:04:59.345964 - WARN - Unexpected error occurred in module X
2024-11-21 17:05:29.345964 - INFO - Auto-scaling triggered new instance launch
2024-11-21 17:05:59.345964 - INFO - Application started successfully
2024-11-21 17:06:29.345964 - DEBUG - Database connection established
2024-11-21 17:06:59.345964 - WARN - Application started successfully
2024-11-21 17:07:29.345964 - WARN - Disk usage nearing capacity
2024-11-21 17:07:59.345964 - WARN - Network latency exceeded threshold
2024-11-21 17:08:29.345964 - ERROR - Database connection established
2024-11-21 17:08:59.345964 - INFO - Network latency exceeded threshold
2024-11-21 17:09:29.345964 - ERROR - High memory usage detected
2024-11-21 17:09:59.345964 - WARN - Application started successfully
2024-11-21 17:10:29.345964 - DEBUG - Unexpected error occurred in module X
2024-11-21 17:10:59.345964 - INFO - High memory usage detected
2024-11-21 17:11:29.345964 - DEBUG - Database connection established
2024-11-21 17:11:59.345964 - DEBUG - Network latency exceeded threshold
2024-11-21 17:12:29.345964 - INFO - High memory usage detected
2024-11-21 17:12:59.345964 - WARN - Application started successfully
2024-11-21 17:13:29.345964 - WARN - Auto-scaling triggered new instance launch
2024-11-21 17:13:59.345964 - ERROR - Network latency exceeded threshold
2024-11-21 17:14:29.345964 - WARN - Database connection established
2024-11-21 17:14:59.345964 - WARN - Unexpected error occurred in module X
2024-11-21 17:15:29.345964 - WARN - Application started successfully
2024-11-21 17:15:59.345964 - ERROR - Unexpected error occurred in module X
2024-11-21 17:16:29.345964 - ERROR - Network latency exceeded threshold
2024-11-21 17:16:59.345964 - ERROR - Database connection established
2024-11-21 17:17:29.345964 - DEBUG - Application started successfully
2024-11-21 17:17:59.345964 - INFO - Disk usage nearing capacity
2024-11-21 17:18:29.345964 - ERROR - Disk usage nearing capacity
2024-11-21 17:18:59.345964 - ERROR - Unexpected error occurred in module X
2024-11-21 17:19:29.345964 - INFO - Disk usage nearing capacity
2024-11-21 17:19:59.345964 - WARN - Database connection established
2024-11-21 17:20:29.345964 - INFO - Network latency exceeded threshold
2024-11-21 17:20:59.345964 - DEBUG - Database connection established
2024-11-21 17:21:29.345964 - INFO - Database connection established
2024-11-21 17:21:59.345964 - ERROR - Auto-scaling triggered new instance launch
2024-11-21 17:22:29.345964 - INFO - Database connection established
2024-11-21 17:22:59.345964 - ERROR - Unexpected error occurred in module X
2024-11-21 17:23:29.345964 - ERROR - Application started successfully
2024-11-21 17:23:59.345964 - ERROR - Database connection established
2024-11-21 17:24:29.345964 - DEBUG - Application started successfully
2024-11-21 17:24:59.345964 - INFO - Database connection established
2024-11-21 17:25:29.345964 - WARN - Disk usage nearing capacity
2024-11-21 17:25:59.345964 - WARN - Unexpected error occurred in module X
2024-11-21 17:26:29.345964 - INFO - High memory usage detected
2024-11-21 17:26:59.345964 - INFO - Network latency exceeded threshold
2024-11-21 17:27:29.345964 - INFO - Disk usage nearing capacity
2024-11-21 17:27:59.345964 - INFO - Network latency exceeded threshold
2024-11-21 17:28:29.345964 - ERROR - Database connection established
2024-11-21 17:28:59.345964 - WARN - High memory usage detected
2024-11-21 17:29:29.345964 - ERROR - High memory usage detected
2024-11-21 17:29:59.345964 - DEBUG - Application started successfully
2024-11-21 17:30:29.345964 - DEBUG - Network latency exceeded threshold
2024-11-21 17:30:59.345964 - ERROR - Auto-scaling triggered new instance launch
2024-11-21 17:31:29.345964 - WARN - Application started successfully
2024-11-21 17:31:59.345964 - DEBUG - Database connection established
2024-11-21 17:32:29.345964 - ERROR - Application started successfully
2024-11-21 17:32:59.345964 - INFO - Network latency exceeded threshold
2024-11-21 17:33:29.345964 - WARN - Unexpected error occurred in module X
2024-11-21 17:33:59.345964 - WARN - Network latency exceeded threshold
2024-11-21 17:34:29.345964 - ERROR - Network latency exceeded threshold
2024-11-21 17:34:59.345964 - ERROR - Auto-scaling triggered new instance launch
2024-11-21 17:35:29.345964 - ERROR - Disk usage nearing capacity
2024-11-21 17:35:59.345964 - ERROR - Database connection established
2024-11-21 17:36:29.345964 - INFO - Application started successfully
2024-11-21 17:36:59.345964 - DEBUG - Application started successfully
2024-11-21 17:37:29.345964 - INFO - Database connection established
2024-11-21 17:37:59.345964 - INFO - High memory usage detected
2024-11-21 17:38:29.345964 - ERROR - Network latency exceeded threshold
2024-11-21 17:38:59.345964 - INFO - Disk usage nearing capacity
2024-11-21 17:39:29.345964 - ERROR - Auto-scaling triggered new instance launch
2024-11-21 17:39:59.345964 - DEBUG - Database connection established
2024-11-21 17:40:29.345964 - ERROR - Application started successfully
2024-11-21 17:40:59.345964 - INFO - Database connection established
2024-11-21 17:41:29.345964 - INFO - High memory usage detected
2024-11-21 17:41:59.345964 - WARN - Unexpected error occurred in module X
2024-11-21 17:42:29.345964 - WARN - High memory usage detected
2024-11-21 17:42:59.345964 - DEBUG - Auto-scaling triggered new instance launch
2024-11-21 17:43:29.345964 - DEBUG - Application started successfully
2024-11-21 17:43:59.345964 - ERROR - Disk usage nearing capacity
2024-11-21 17:44:29.345964 - DEBUG - Network latency exceeded threshold
2024-11-21 17:44:59.345964 - DEBUG - Network latency exceeded threshold
2024-11-21 17:45:29.345964 - WARN - Disk usage nearing capacity
2024-11-21 17:45:59.345964 - ERROR - Network latency exceeded threshold
2024-11-21 17:46:29.345964 - ERROR - Network latency exceeded threshold
2024-11-21 17:46:59.345964 - WARN - Unexpected error occurred in module X
2024-11-21 17:47:29.345964 - INFO - Auto-scaling triggered new instance launch
2024-11-21 17:47:59.345964 - INFO - Auto-scaling triggered new instance launch
2024-11-21 17:48:29.345964 - DEBUG - Database connection established
2024-11-21 17:48:59.345964 - DEBUG - Network latency exceeded threshold
2024-11-21 17:49:29.345964 - INFO - Disk usage nearing capacity
2024-11-21 17:49:59.345964 - DEBUG - Application started successfully
2024-11-21 17:50:29.345964 - INFO - Disk usage nearing capacity
2024-11-21 17:50:59.345964 - ERROR - Application started successfully
2024-11-21 17:51:29.345964 - ERROR - Application started successfully
2024-11-21 17:51:59.345964 - INFO - Application started successfully
2024-11-21 17:52:29.345964 - INFO - Disk usage nearing capacity
2024-11-21 17:52:59.345964 - WARN - Network latency exceeded threshold
2024-11-21 17:53:29.345964 - WARN - Auto-scaling triggered new instance launch
2024-11-21 17:53:59.345964 - WARN - Auto-scaling triggered new instance launch
2024-11-21 17:54:29.345964 - ERROR - Unexpected error occurred in module X
2024-11-21 17:54:59.345964 - DEBUG - Network latency exceeded threshold
2024-11-21 17:55:29.345964 - INFO - Application started successfully
2024-11-21 17:55:59.345964 - INFO - Disk usage nearing capacity
2024-11-21 17:56:29.345964 - ERROR - Disk usage nearing capacity
2024-11-21 17:56:59.345964 - ERROR - Application started successfully
2024-11-21 17:57:29.345964 - DEBUG - Application started successfully
2024-11-21 17:57:59.345964 - ERROR - Disk usage nearing capacity
2024-11-21 17:58:29.345964 - ERROR - Auto-scaling triggered new instance launch
2024-11-21 17:58:59.345964 - ERROR - Network latency exceeded threshold
2024-11-21 17:59:29.345964 - INFO - Database connection established
2024-11-21 17:59:59.345964 - DEBUG - Database connection established
2024-11-21 18:00:29.345964 - WARN - Auto-scaling triggered new instance launch
2024-11-21 18:00:59.345964 - ERROR - High memory usage detected
2024-11-21 18:01:29.345964 - ERROR - Unexpected error occurred in module X
2024-11-21 18:01:59.345964 - ERROR - Database connection established
2024-11-21 18:02:29.345964 - ERROR - Network latency exceeded threshold
2024-11-21 18:02:59.345964 - DEBUG - Disk usage nearing capacity
2024-11-21 18:03:29.345964 - DEBUG - High memory usage detected
2024-11-21 18:03:59.345964 - WARN - Unexpected error occurred in module X
2024-11-21 18:04:29.345964 - INFO - Disk usage nearing capacity
2024-11-21 18:04:59.345964 - ERROR - Unexpected error occurred in module X
2024-11-21 18:05:29.345964 - ERROR - Disk usage nearing capacity
2024-11-21 18:05:59.345964 - DEBUG - Unexpected error occurred in module X
2024-11-21 18:06:29.345964 - INFO - Auto-scaling triggered new instance launch
2024-11-21 18:06:59.345964 - WARN - Auto-scaling triggered new instance launch
2024-11-21 18:07:29.345964 - DEBUG - Disk usage nearing capacity
2024-11-21 18:07:59.345964 - ERROR - Unexpected error occurred in module X
2024-11-21 18:08:29.345964 - DEBUG - High memory usage detected
2024-11-21 18:08:59.345964 - DEBUG - High memory usage detected
2024-11-21 18:09:29.345964 - WARN - Auto-scaling triggered new instance launch
2024-11-21 18:09:59.345964 - DEBUG - High memory usage detected
2024-11-21 18:10:29.345964 - DEBUG - Database connection established
2024-11-21 18:10:59.345964 - WARN - Unexpected error occurred in module X
2024-11-21 18:11:29.345964 - DEBUG - Disk usage nearing capacity
2024-11-21 18:11:59.345964 - DEBUG - Auto-scaling triggered new instance launch
2024-11-21 18:12:29.345964 - WARN - Disk usage nearing capacity
2024-11-21 18:12:59.345964 - ERROR - Unexpected error occurred in module X
2024-11-21 18:13:29.345964 - INFO - Auto-scaling triggered new instance launch
2024-11-21 18:13:59.345964 - DEBUG - Auto-scaling triggered new instance launch
2024-11-21 18:14:29.345964 - DEBUG - Database connection established
2024-11-21 18:14:59.345964 - INFO - Application started successfully
2024-11-21 18:15:29.345964 - INFO - High memory usage detected
2024-11-21 18:15:59.345964 - ERROR - Auto-scaling triggered new instance launch
2024-11-21 18:16:29.345964 - INFO - Database connection established
2024-11-21 18:16:59.345964 - WARN - Network latency exceeded threshold
2024-11-21 18:17:29.345964 - DEBUG - Application started successfully
2024-11-21 18:17:59.345964 - DEBUG - Database connection established
2024-11-21 18:18:29.345964 - INFO - Network latency exceeded threshold
2024-11-21 18:18:59.345964 - INFO - Application started successfully
2024-11-21 18:19:29.345964 - INFO - Database connection established
2024-11-21 18:19:59.345964 - DEBUG - Network latency exceeded threshold
2024-11-21 18:20:29.345964 - INFO - Disk usage nearing capacity
2024-11-21 18:20:59.345964 - ERROR - Database connection established
2024-11-21 18:21:29.345964 - WARN - Database connection established
2024-11-21 18:21:59.345964 - WARN - Application started successfully
2024-11-21 18:22:29.345964 - WARN - Network latency exceeded threshold
2024-11-21 18:22:59.345964 - WARN - High memory usage detected
2024-11-21 18:23:29.345964 - DEBUG - Unexpected error occurred in module X
2024-11-21 18:23:59.345964 - ERROR - Database connection established
2024-11-21 18:24:29.345964 - INFO - Application started successfully
2024-11-21 18:24:59.345964 - WARN - Network latency exceeded threshold
2024-11-21 18:25:29.345964 - DEBUG - Unexpected error occurred in module X
2024-11-21 18:25:59.345964 - ERROR - Disk usage nearing capacity
2024-11-21 18:26:29.345964 - INFO - Auto-scaling triggered new instance launch
2024-11-21 18:26:59.345964 - WARN - Disk usage nearing capacity
2024-11-21 18:27:29.345964 - DEBUG - High memory usage detected
2024-11-21 18:27:59.345964 - INFO - Application started successfully
2024-11-21 18:28:29.345964 - INFO - Network latency exceeded threshold
2024-11-21 18:28:59.345964 - ERROR - Application started successfully
2024-11-21 18:29:29.345964 - INFO - Network latency exceeded threshold
2024-11-21 18:29:59.345964 - ERROR - Network latency exceeded threshold
2024-11-21 18:30:29.345964 - WARN - Auto-scaling triggered new instance launch
2024-11-21 18:30:59.345964 - DEBUG - Network latency exceeded threshold
2024-11-21 18:31:29.345964 - INFO - Auto-scaling triggered new instance launch
2024-11-21 18:31:59.345964 - ERROR - Application started successfully
2024-11-21 18:32:29.345964 - ERROR - Auto-scaling triggered new instance launch
2024-11-21 18:32:59.345964 - ERROR - Database connection established
2024-11-21 18:33:29.345964 - DEBUG - Auto-scaling triggered new instance launch
2024-11-21 18:33:59.345964 - DEBUG - Auto-scaling triggered new instance launch
2024-11-21 18:34:29.345964 - DEBUG - Auto-scaling triggered new instance launch
2024-11-21 18:34:59.345964 - ERROR - Auto-scaling triggered new instance launch
2024-11-21 18:35:29.345964 - WARN - Database connection established
2024-11-21 18:35:59.345964 - ERROR - Unexpected error occurred in module X
2024-11-21 18:36:29.345964 - DEBUG - Disk usage nearing capacity
2024-11-21 18:36:59.345964 - INFO - Network latency exceeded threshold
2024-11-21 18:37:29.345964 - ERROR - Auto-scaling triggered new instance launch
2024-11-21 18:37:59.345964 - DEBUG - Unexpected error occurred in module X
2024-11-21 18:38:29.345964 - DEBUG - Auto-scaling triggered new instance launch
2024-11-21 18:38:59.345964 - DEBUG - High memory usage detected
2024-11-21 18:39:29.345964 - DEBUG - Unexpected error occurred in module X
2024-11-21 18:39:59.345964 - WARN - Application started successfully
2024-11-21 18:40:29.345964 - ERROR - Database connection established
2024-11-21 18:40:59.345964 - INFO - Application started successfully
2024-11-21 18:41:29.345964 - DEBUG - Network latency exceeded threshold
2024-11-21 18:41:59.345964 - WARN - Auto-scaling triggered new instance launch
2024-11-21 18:42:29.345964 - INFO - High memory usage detected
2024-11-21 18:42:59.345964 - DEBUG - Application started successfully
2024-11-21 18:43:29.345964 - INFO - Database connection established
2024-11-21 18:43:59.345964 - DEBUG - Database connection established
2024-11-21 18:44:29.345964 - ERROR - Application started successfully
2024-11-21 18:44:59.345964 - DEBUG - Auto-scaling triggered new instance launch
2024-11-21 18:45:29.345964 - DEBUG - Database connection established
2024-11-21 18:45:59.345964 - DEBUG - Unexpected error occurred in module X
2024-11-21 18:46:29.345964 - ERROR - Database connection established
2024-11-21 18:46:59.345964 - WARN - High memory usage detected
2024-11-21 18:47:29.345964 - DEBUG - Auto-scaling triggered new instance launch
2024-11-21 18:47:59.345964 - ERROR - Disk usage nearing capacity
2024-11-21 18:48:29.345964 - ERROR - Application started successfully
2024-11-21 18:48:59.345964 - INFO - Auto-scaling triggered new instance launch
2024-11-21 18:49:29.345964 - DEBUG - Unexpected error occurred in module X
2024-11-21 18:49:59.345964 - INFO - Disk usage nearing capacity
2024-11-21 18:50:29.345964 - DEBUG - Auto-scaling triggered new instance launch
2024-11-21 18:50:59.345964 - DEBUG - Application started successfully
2024-11-21 18:51:29.345964 - ERROR - Database connection established
2024-11-21 18:51:59.345964 - ERROR - Auto-scaling triggered new instance launch
2024-11-21 18:52:29.345964 - WARN - Unexpected error occurred in module X
2024-11-21 18:52:59.345964 - DEBUG - Disk usage nearing capacity
2024-11-21 18:53:29.345964 - ERROR - Application started successfully
2024-11-21 18:53:59.345964 - WARN - Database connection established
2024-11-21 18:54:29.345964 - INFO - Database connection established
2024-11-21 18:54:59.345964 - ERROR - Database connection established
2024-11-21 18:55:29.345964 - WARN - Application started successfully
2024-11-21 18:55:59.345964 - DEBUG - Auto-scaling triggered new instance launch
2024-11-21 18:56:29.345964 - INFO - Database connection established
2024-11-21 18:56:59.345964 - WARN - Network latency exceeded threshold
2024-11-21 18:57:29.345964 - WARN - Unexpected error occurred in module X
2024-11-21 18:57:59.345964 - ERROR - High memory usage detected
2024-11-21 18:58:29.345964 - ERROR - Database connection established
2024-11-21 18:58:59.345964 - ERROR - Unexpected error occurred in module X
2024-11-21 18:59:29.345964 - DEBUG - Auto-scaling triggered new instance launch
2024-11-21 18:59:59.345964 - WARN - Unexpected error occurred in module X
2024-11-21 19:00:29.345964 - WARN - Auto-scaling triggered new instance launch
2024-11-21 19:00:59.345964 - WARN - Unexpected error occurred in module X
2024-11-21 19:01:29.345964 - WARN - Disk usage nearing capacity
2024-11-21 19:01:59.345964 - INFO - Disk usage nearing capacity
2024-11-21 19:02:29.345964 - WARN - Disk usage nearing capacity
2024-11-21 19:02:59.345964 - WARN - Database connection established
2024-11-21 19:03:29.345964 - WARN - Application started successfully
2024-11-21 19:03:59.345964 - ERROR - Disk usage nearing capacity
2024-11-21 19:04:29.345964 - DEBUG - Application started successfully
2024-11-21 19:04:59.345964 - DEBUG - High memory usage detected
2024-11-21 19:05:29.345964 - WARN - Network latency exceeded threshold
2024-11-21 19:05:59.345964 - ERROR - High memory usage detected
2024-11-21 19:06:29.345964 - INFO - Auto-scaling triggered new instance launch
2024-11-21 19:06:59.345964 - INFO - Database connection established
2024-11-21 19:07:29.345964 - INFO - Database connection established
2024-11-21 19:07:59.345964 - DEBUG - Auto-scaling triggered new instance launch
2024-11-21 19:08:29.345964 - ERROR - High memory usage detected
2024-11-21 19:08:59.345964 - INFO - High memory usage detected
2024-11-21 19:09:29.345964 - INFO - Unexpected error occurred in module X
2024-11-21 19:09:59.345964 - DEBUG - Database connection established
2024-11-21 19:10:29.345964 - DEBUG - Unexpected error occurred in module X
2024-11-21 19:10:59.345964 - WARN - Application started successfully
2024-11-21 19:11:29.345964 - WARN - High memory usage detected
2024-11-21 19:11:59.345964 - INFO - Disk usage nearing capacity
2024-11-21 19:12:29.345964 - ERROR - Auto-scaling triggered new instance launch
2024-11-21 19:12:59.345964 - ERROR - Network latency exceeded threshold
2024-11-21 19:13:29.345964 - WARN - Auto-scaling triggered new instance launch
2024-11-21 19:13:59.345964 - WARN - Auto-scaling triggered new instance launch
2024-11-21 19:14:29.345964 - INFO - High memory usage detected
2024-11-21 19:14:59.345964 - WARN - High memory usage detected
2024-11-21 19:15:29.345964 - WARN - Disk usage nearing capacity
2024-11-21 19:15:59.345964 - ERROR - Disk usage nearing capacity
2024-11-21 19:16:29.345964 - WARN - High memory usage detected
2024-11-21 19:16:59.345964 - WARN - Disk usage nearing capacity
2024-11-21 19:17:29.345964 - DEBUG - Disk usage nearing capacity
2024-11-21 19:17:59.345964 - INFO - Database connection established
2024-11-21 19:18:29.345964 - DEBUG - Disk usage nearing capacity
2024-11-21 19:18:59.345964 - ERROR - Network latency exceeded threshold
2024-11-21 19:19:29.345964 - DEBUG - Network latency exceeded threshold
2024-11-21 19:19:59.345964 - ERROR - Auto-scaling triggered new instance launch
2024-11-21 19:20:29.345964 - DEBUG - Network latency exceeded threshold
2024-11-21 19:20:59.345964 - DEBUG - Auto-scaling triggered new instance launch
2024-11-21 19:21:29.345964 - ERROR - Network latency exceeded threshold
2024-11-21 19:21:59.345964 - INFO - Network latency exceeded threshold
2024-11-21 19:22:29.345964 - ERROR - Database connection established
2024-11-21 19:22:59.345964 - ERROR - High memory usage detected
2024-11-21 19:23:29.345964 - DEBUG - Application started successfully
2024-11-21 19:23:59.345964 - WARN - Network latency exceeded threshold
2024-11-21 19:24:29.345964 - DEBUG - High memory usage detected
2024-11-21 19:24:59.345964 - WARN - High memory usage detected
2024-11-21 19:25:29.345964 - INFO - High memory usage detected
2024-11-21 19:25:59.345964 - DEBUG - Database connection established
2024-11-21 19:26:29.345964 - DEBUG - Database connection established
2024-11-21 19:26:59.345964 - INFO - Network latency exceeded threshold
2024-11-21 19:27:29.345964 - WARN - Network latency exceeded threshold
2024-11-21 19:27:59.345964 - DEBUG - Auto-scaling triggered new instance launch
2024-11-21 19:28:29.345964 - DEBUG - High memory usage detected
2024-11-21 19:28:59.345964 - DEBUG - Disk usage nearing capacity
2024-11-21 19:29:29.345964 - DEBUG - Auto-scaling triggered new instance launch
2024-11-21 19:29:59.345964 - WARN - Unexpected error occurred in module X
2024-11-21 19:30:29.345964 - WARN - Auto-scaling triggered new instance launch
2024-11-21 19:30:59.345964 - ERROR - Unexpected error occurred in module X
2024-11-21 19:31:29.345964 - ERROR - Unexpected error occurred in module X
2024-11-21 19:31:59.345964 - WARN - Network latency exceeded threshold
2024-11-21 19:32:29.345964 - ERROR - Application started successfully
2024-11-21 19:32:59.345964 - ERROR - Network latency exceeded threshold
2024-11-21 19:33:29.345964 - WARN - Database connection established
2024-11-21 19:33:59.345964 - WARN - High memory usage detected
2024-11-21 19:34:29.345964 - INFO - Unexpected error occurred in module X
2024-11-21 19:34:59.345964 - DEBUG - Application started successfully
2024-11-21 19:35:29.345964 - DEBUG - Unexpected error occurred in module X
2024-11-21 19:35:59.345964 - ERROR - Unexpected error occurred in module X
2024-11-21 19:36:29.345964 - INFO - Application started successfully
2024-11-21 19:36:59.345964 - ERROR - Network latency exceeded threshold
2024-11-21 19:37:29.345964 - ERROR - Application started successfully
2024-11-21 19:37:59.345964 - WARN - Disk usage nearing capacity
2024-11-21 19:38:29.345964 - INFO - Disk usage nearing capacity
2024-11-21 19:38:59.345964 - WARN - High memory usage detected
2024-11-21 19:39:29.345964 - DEBUG - Unexpected error occurred in module X
2024-11-21 19:39:59.345964 - ERROR - Database connection established
2024-11-21 19:40:29.345964 - WARN - Network latency exceeded threshold
2024-11-21 19:40:59.345964 - WARN - Auto-scaling triggered new instance launch
2024-11-21 19:41:29.345964 - ERROR - Application started successfully
2024-11-21 19:41:59.345964 - WARN - Database connection established
2024-11-21 19:42:29.345964 - INFO - Unexpected error occurred in module X
2024-11-21 19:42:59.345964 - DEBUG - Database connection established
2024-11-21 19:43:29.345964 - INFO - Unexpected error occurred in module X
2024-11-21 19:43:59.345964 - ERROR - Application started successfully
2024-11-21 19:44:29.345964 - INFO - Application started successfully
2024-11-21 19:44:59.345964 - DEBUG - Network latency exceeded threshold
2024-11-21 19:45:29.345964 - INFO - Network latency exceeded threshold
2024-11-21 19:45:59.345964 - WARN - Database connection established
2024-11-21 19:46:29.345964 - DEBUG - Application started successfully
2024-11-21 19:46:59.345964 - ERROR - Database connection established
2024-11-21 19:47:29.345964 - ERROR - Application started successfully
2024-11-21 19:47:59.345964 - WARN - High memory usage detected
2024-11-21 19:48:29.345964 - DEBUG - Network latency exceeded threshold
2024-11-21 19:48:59.345964 - ERROR - Application started successfully
2024-11-21 19:49:29.345964 - WARN - Disk usage nearing capacity
2024-11-21 19:49:59.345964 - DEBUG - High memory usage detected
2024-11-21 19:50:29.345964 - DEBUG - Database connection established
2024-11-21 19:50:59.345964 - DEBUG - High memory usage detected
2024-11-21 19:51:29.345964 - WARN - Disk usage nearing capacity
2024-11-21 19:51:59.345964 - WARN - High memory usage detected
2024-11-21 19:52:29.345964 - INFO - Unexpected error occurred in module X
2024-11-21 19:52:59.345964 - INFO - Application started successfully
2024-11-21 19:53:29.345964 - DEBUG - Database connection established
2024-11-21 19:53:59.345964 - ERROR - Unexpected error occurred in module X
2024-11-21 19:54:29.345964 - WARN - Application started successfully
2024-11-21 19:54:59.345964 - DEBUG - Database connection established
2024-11-21 19:55:29.345964 - INFO - Application started successfully
2024-11-21 19:55:59.345964 - DEBUG - Database connection established
2024-11-21 19:56:29.345964 - INFO - Auto-scaling triggered new instance launch
2024-11-21 19:56:59.345964 - ERROR - High memory usage detected
2024-11-21 19:57:29.345964 - WARN - High memory usage detected
2024-11-21 19:57:59.345964 - INFO - High memory usage detected
2024-11-21 19:58:29.345964 - INFO - Disk usage nearing capacity
2024-11-21 19:58:59.345964 - INFO - High memory usage detected
2024-11-21 19:59:29.345964 - ERROR - Auto-scaling triggered new instance launch
2024-11-21 19:59:59.345964 - INFO - Network latency exceeded threshold
2024-11-21 20:00:29.345964 - WARN - Database connection established
2024-11-21 20:00:59.345964 - ERROR - Application started successfully
2024-11-21 20:01:29.345964 - INFO - Auto-scaling triggered new instance launch
2024-11-21 20:01:59.345964 - WARN - Disk usage nearing capacity
2024-11-21 20:02:29.345964 - WARN - Network latency exceeded threshold
2024-11-21 20:02:59.345964 - ERROR - High memory usage detected
2024-11-21 20:03:29.345964 - ERROR - Disk usage nearing capacity
2024-11-21 20:03:59.345964 - INFO - Unexpected error occurred in module X
2024-11-21 20:04:29.345964 - DEBUG - High memory usage detected
2024-11-21 20:04:59.345964 - INFO - Auto-scaling triggered new instance launch
2024-11-21 20:05:29.345964 - ERROR - Application started successfully
2024-11-21 20:05:59.345964 - WARN - High memory usage detected
2024-11-21 20:06:29.345964 - WARN - Application started successfully
2024-11-21 20:06:59.345964 - DEBUG - Application started successfully
2024-11-21 20:07:29.345964 - INFO - Disk usage nearing capacity
2024-11-21 20:07:59.345964 - WARN - Database connection established
2024-11-21 20:08:29.345964 - WARN - Unexpected error occurred in module X
2024-11-21 20:08:59.345964 - INFO - Unexpected error occurred in module X
2024-11-21 20:09:29.345964 - DEBUG - Application started successfully
2024-11-21 20:09:59.345964 - INFO - Auto-scaling triggered new instance launch
2024-11-21 20:10:29.345964 - INFO - Network latency exceeded threshold
2024-11-21 20:10:59.345964 - DEBUG - Disk usage nearing capacity
2024-11-21 20:11:29.345964 - DEBUG - Application started successfully
2024-11-21 20:11:59.345964 - ERROR - Auto-scaling triggered new instance launch
2024-11-21 20:12:29.345964 - WARN - Network latency exceeded threshold
2024-11-21 20:12:59.345964 - WARN - Auto-scaling triggered new instance launch
2024-11-21 20:13:29.345964 - WARN - Application started successfully
2024-11-21 20:13:59.345964 - ERROR - High memory usage detected
2024-11-21 20:14:29.345964 - DEBUG - Network latency exceeded threshold
2024-11-21 20:14:59.345964 - DEBUG - Auto-scaling triggered new instance launch
2024-11-21 20:15:29.345964 - DEBUG - Auto-scaling triggered new instance launch
2024-11-21 20:15:59.345964 - INFO - Unexpected error occurred in module X
2024-11-21 20:16:29.345964 - DEBUG - High memory usage detected
2024-11-21 20:16:59.345964 - ERROR - Database connection established
2024-11-21 20:17:29.345964 - ERROR - Unexpected error occurred in module X
2024-11-21 20:17:59.345964 - INFO - Application started successfully
2024-11-21 20:18:29.345964 - WARN - Database connection established
2024-11-21 20:18:59.345964 - WARN - High memory usage detected
2024-11-21 20:19:29.345964 - DEBUG - Auto-scaling triggered new instance launch
2024-11-21 20:19:59.345964 - DEBUG - Network latency exceeded threshold
2024-11-21 20:20:29.345964 - DEBUG - Unexpected error occurred in module X
2024-11-21 20:20:59.345964 - DEBUG - High memory usage detected
2024-11-21 20:21:29.345964 - INFO - Application started successfully
2024-11-21 20:21:59.345964 - INFO - Auto-scaling triggered new instance launch
2024-11-21 20:22:29.345964 - DEBUG - Auto-scaling triggered new instance launch
2024-11-21 20:22:59.345964 - DEBUG - Network latency exceeded threshold
2024-11-21 20:23:29.345964 - ERROR - High memory usage detected
2024-11-21 20:23:59.345964 - WARN - Auto-scaling triggered new instance launch
2024-11-21 20:24:29.345964 - ERROR - Application started successfully
2024-11-21 20:24:59.345964 - DEBUG - Auto-scaling triggered new instance launch
2024-11-21 20:25:29.345964 - INFO - Disk usage nearing capacity
2024-11-21 20:25:59.345964 - ERROR - Application started successfully
2024-11-21 20:26:29.345964 - DEBUG - Database connection established
2024-11-21 20:26:59.345964 - DEBUG - Database connection established
2024-11-21 20:27:29.345964 - ERROR - Disk usage nearing capacity
2024-11-21 20:27:59.345964 - WARN - Auto-scaling triggered new instance launch
2024-11-21 20:28:29.345964 - WARN - Unexpected error occurred in module X
2024-11-21 20:28:59.345964 - INFO - Disk usage nearing capacity
2024-11-21 20:29:29.345964 - ERROR - Disk usage nearing capacity
2024-11-21 20:29:59.345964 - INFO - High memory usage detected
2024-11-21 20:30:29.345964 - INFO - Auto-scaling triggered new instance launch
2024-11-21 20:30:59.345964 - ERROR - Application started successfully
2024-11-21 20:31:29.345964 - DEBUG - Auto-scaling triggered new instance launch
2024-11-21 20:31:59.345964 - DEBUG - Database connection established
2024-11-21 20:32:29.345964 - WARN - Auto-scaling triggered new instance launch
2024-11-21 20:32:59.345964 - INFO - Database connection established
2024-11-21 20:33:29.345964 - DEBUG - High memory usage detected
2024-11-21 20:33:59.345964 - WARN - Auto-scaling triggered new instance launch
2024-11-21 20:34:29.345964 - INFO - High memory usage detected
2024-11-21 20:34:59.345964 - DEBUG - Database connection established
2024-11-21 20:35:29.345964 - ERROR - Unexpected error occurred in module X
2024-11-21 20:35:59.345964 - DEBUG - Unexpected error occurred in module X
2024-11-21 20:36:29.345964 - DEBUG - Unexpected error occurred in module X
2024-11-21 20:36:59.345964 - ERROR - Unexpected error occurred in module X
2024-11-21 20:37:29.345964 - ERROR - Auto-scaling triggered new instance launch
2024-11-21 20:37:59.345964 - ERROR - High memory usage detected
2024-11-21 20:38:29.345964 - ERROR - Network latency exceeded threshold
2024-11-21 20:38:59.345964 - WARN - Application started successfully
2024-11-21 20:39:29.345964 - WARN - Application started successfully
2024-11-21 20:39:59.345964 - INFO - Disk usage nearing capacity
2024-11-21 20:40:29.345964 - DEBUG - Unexpected error occurred in module X
2024-11-21 20:40:59.345964 - INFO - Auto-scaling triggered new instance launch
2024-11-21 20:41:29.345964 - WARN - Network latency exceeded threshold
2024-11-21 20:41:59.345964 - WARN - Database connection established
2024-11-21 20:42:29.345964 - ERROR - Unexpected error occurred in module X
2024-11-21 20:42:59.345964 - WARN - Database connection established
2024-11-21 20:43:29.345964 - INFO - High memory usage detected
2024-11-21 20:43:59.345964 - WARN - Network latency exceeded threshold
2024-11-21 20:44:29.345964 - WARN - High memory usage detected
2024-11-21 20:44:59.345964 - INFO - Auto-scaling triggered new instance launch
2024-11-21 20:45:29.345964 - WARN - Application started successfully
2024-11-21 20:45:59.345964 - INFO - Database connection established
2024-11-21 20:46:29.345964 - ERROR - Unexpected error occurred in module X
2024-11-21 20:46:59.345964 - WARN - Unexpected error occurred in module X
2024-11-21 20:47:29.345964 - INFO - Network latency exceeded threshold
2024-11-21 20:47:59.345964 - ERROR - Auto-scaling triggered new instance launch
2024-11-21 20:48:29.345964 - WARN - High memory usage detected
2024-11-21 20:48:59.345964 - ERROR - Unexpected error occurred in module X
2024-11-21 20:49:29.345964 - WARN - Network latency exceeded threshold
2024-11-21 20:49:59.345964 - WARN - Application started successfully
2024-11-21 20:50:29.345964 - WARN - Database connection established
2024-11-21 20:50:59.345964 - DEBUG - High memory usage detected
2024-11-21 20:51:29.345964 - DEBUG - High memory usage detected
2024-11-21 20:51:59.345964 - DEBUG - Disk usage nearing capacity
2024-11-21 20:52:29.345964 - DEBUG - Disk usage nearing capacity
2024-11-21 20:52:59.345964 - DEBUG - Network latency exceeded threshold
2024-11-21 20:53:29.345964 - DEBUG - Auto-scaling triggered new instance launch
2024-11-21 20:53:59.345964 - WARN - Auto-scaling triggered new instance launch
2024-11-21 20:54:29.345964 - ERROR - Disk usage nearing capacity
2024-11-21 20:54:59.345964 - WARN - Application started successfully
2024-11-21 20:55:29.345964 - DEBUG - Application started successfully
2024-11-21 20:55:59.345964 - INFO - Network latency exceeded threshold
2024-11-21 20:56:29.345964 - INFO - High memory usage detected
2024-11-21 20:56:59.345964 - WARN - Database connection established
2024-11-21 20:57:29.345964 - ERROR - High memory usage detected
2024-11-21 20:57:59.345964 - DEBUG - Application started successfully
2024-11-21 20:58:29.345964 - WARN - Network latency exceeded threshold
2024-11-21 20:58:59.345964 - DEBUG - Database connection established
2024-11-21 20:59:29.345964 - WARN - Database connection established
2024-11-21 20:59:59.345964 - WARN - Disk usage nearing capacity
2024-11-21 21:00:29.345964 - DEBUG - High memory usage detected
2024-11-21 21:00:59.345964 - ERROR - Application started successfully
2024-11-21 21:01:29.345964 - INFO - Auto-scaling triggered new instance launch
2024-11-21 21:01:59.345964 - DEBUG - Unexpected error occurred in module X
2024-11-21 21:02:29.345964 - INFO - Unexpected error occurred in module X
2024-11-21 21:02:59.345964 - ERROR - Disk usage nearing capacity
2024-11-21 21:03:29.345964 - WARN - Disk usage nearing capacity
2024-11-21 21:03:59.345964 - ERROR - Database connection established
2024-11-21 21:04:29.345964 - DEBUG - Application started successfully
2024-11-21 21:04:59.345964 - ERROR - Disk usage nearing capacity
2024-11-21 21:05:29.345964 - DEBUG - Application started successfully
2024-11-21 21:05:59.345964 - DEBUG - Database connection established
2024-11-21 21:06:29.345964 - ERROR - Database connection established
2024-11-21 21:06:59.345964 - DEBUG - Unexpected error occurred in module X
2024-11-21 21:07:29.345964 - INFO - Unexpected error occurred in module X
2024-11-21 21:07:59.345964 - ERROR - Unexpected error occurred in module X
2024-11-21 21:08:29.345964 - INFO - Auto-scaling triggered new instance launch